Arguments: 
  C:\Program Files\nodejs\node.exe C:\Program Files (x86)\Yarn\bin\yarn.js add -D solidity-coverage

PATH: 
  C:\Python38\Scripts\;C:\Python38\;C:\Windows\system32;C:\Windows;C:\Windows\System32\Wbem;C:\Windows\System32\WindowsPowerShell\v1.0\;C:\Program Files (x86)\NVIDIA Corporation\PhysX\Common;C:\WINDOWS\system32;C:\WINDOWS;C:\WINDOWS\System32\Wbem;C:\WINDOWS\System32\WindowsPowerShell\v1.0\;C:\WINDOWS\System32\OpenSSH\;C:\Program Files\nodejs\;C:\ProgramData\chocolatey\bin;C:\Program Files\Git\cmd;C:\Program Files (x86)\Yarn\bin\;C:\Program Files (x86)\Intel\Intel(R) Management Engine Components\DAL;C:\Program Files\Intel\Intel(R) Management Engine Components\DAL;C:\Users\aarya\AppData\Local\Microsoft\WindowsApps;C:\Users\aarya\AppData\Local\Programs\Microsoft VS Code\bin;C:\Users\aarya\AppData\Roaming\npm;C:\Users\aarya\AppData\Local\Yarn\bin

Yarn version: 
  1.22.4

Node version: 
  12.18.1

Platform: 
  win32 x64

Trace: 
  Error: connect ENETUNREACH 104.16.18.35:443
      at TCPConnectWrap.afterConnect [as oncomplete] (net.js:1141:16)

npm manifest: 
  {
    "name": "tdd-truffle",
    "version": "1.0.0",
    "main": "index.js",
    "repository": "https://github.com/aaryamannchallani/tdd-truffle",
    "author": "Aaryamann Challani <aaryamannchallani7@gmail.com>",
    "license": "MIT",
    "scripts": {
      "setup": "truffle develop",
      "test-deploy": "truffle test ./test/test.js",
      "test-all": "truffle test"
    },
    "dependencies": {}
  }

yarn manifest: 
  No manifest

Lockfile: 
  # THIS IS AN AUTOGENERATED FILE. DO NOT EDIT THIS FILE DIRECTLY.
  # yarn lockfile v1
